Running: C:\Xilinx\14.7\ISE_DS\ISE\bin\nt64\unwrapped\fuse.exe -intstyle ise -incremental -o Z:/ProjetosSistemasDigitaisVHDL/projeto_MATRIX_multiplier/matrix_multiplier_2/mat_tb_isim_beh.exe -prj Z:/ProjetosSistemasDigitaisVHDL/projeto_MATRIX_multiplier/matrix_multiplier_2/mat_tb_beh.prj work.mat_tb 
ISim P.20131013 (signature 0x7708f090)
Number of CPUs detected in this system: 5
Turning on mult-threading, number of parallel sub-compilation jobs: 10 
Determining compilation order of HDL files
Parsing VHDL file "Z:/ProjetosSistemasDigitaisVHDL/projeto_MATRIX_multiplier/matrix_multiplier_2/../matrix_multiplier_2_arq/mat_ply.vhd" into library work
Parsing VHDL file "Z:/ProjetosSistemasDigitaisVHDL/projeto_MATRIX_multiplier/matrix_multiplier_2/../matrix_multiplier_2_arq/test_mat.vhd" into library work
Parsing VHDL file "Z:/ProjetosSistemasDigitaisVHDL/projeto_MATRIX_multiplier/matrix_multiplier_2/../matrix_multiplier_2_arq/mat_tb.vhd" into library work
Starting static elaboration
Completed static elaboration
Compiling package standard
Compiling package std_logic_1164
Compiling package numeric_std
Compiling package mat_ply
Compiling architecture behavioral of entity test_mat [test_mat_default]
Compiling architecture behavior of entity mat_tb
Time Resolution for simulation is 1ps.
Waiting for 1 sub-compilation(s) to finish...
Compiled 7 VHDL Units
Built simulation executable Z:/ProjetosSistemasDigitaisVHDL/projeto_MATRIX_multiplier/matrix_multiplier_2/mat_tb_isim_beh.exe
Fuse Memory Usage: 35312 KB
Fuse CPU Usage: 530 ms
