INFO:sim:172 - Generating IP...
Resolving generics for 'mem48'...
Applying external generics to 'mem48'...
Delivering associated files for 'mem48'...
Delivering EJava files for 'mem48'...
Generating implementation netlist for 'mem48'...
INFO:sim - Pre-processing HDL files for 'mem48'...
Running synthesis for 'mem48'
Running ngcbuild...
Writing VHO instantiation template for 'mem48'...
Writing VHDL behavioral simulation model for 'mem48'...
WARNING:sim - Overwriting existing file
   Z:/ProjetosSistemasDigitaisVHDL/projeto_MATRIX_multiplier/matrix_multiplier_1
   /ipcore_dir/tmp/_cg/mem48/doc/blk_mem_gen_v7_3_vinfo.html with file from view
   xilinx_documentation
Delivered 1 file into directory
Z:/ProjetosSistemasDigitaisVHDL/projeto_MATRIX_multiplier/matrix_multiplier_1/ip
core_dir/tmp/_cg/mem48
Generating ASY schematic symbol...
INFO:sim:949 - Finished generation of ASY schematic symbol.
Generating SYM schematic symbol for 'mem48'...
Generating metadata file...
Generating ISE project file for 'mem48'...
Generating ISE project...
XCO file found: mem48.xco
XMDF file found: mem48_xmdf.tcl
Adding
Z:/ProjetosSistemasDigitaisVHDL/projeto_MATRIX_multiplier/matrix_multiplier_1/ip
core_dir/tmp/_cg/mem48.asy -view all -origin_type imported
Adding
Z:/ProjetosSistemasDigitaisVHDL/projeto_MATRIX_multiplier/matrix_multiplier_1/ip
core_dir/tmp/_cg/mem48.ngc -view all -origin_type created
Checking file
"Z:/ProjetosSistemasDigitaisVHDL/projeto_MATRIX_multiplier/matrix_multiplier_1/i
pcore_dir/tmp/_cg/mem48.ngc" for project device match ...
File
"Z:/ProjetosSistemasDigitaisVHDL/projeto_MATRIX_multiplier/matrix_multiplier_1/i
pcore_dir/tmp/_cg/mem48.ngc" device information matches project device.
Adding
Z:/ProjetosSistemasDigitaisVHDL/projeto_MATRIX_multiplier/matrix_multiplier_1/ip
core_dir/tmp/_cg/mem48.sym -view all -origin_type imported
Adding
Z:/ProjetosSistemasDigitaisVHDL/projeto_MATRIX_multiplier/matrix_multiplier_1/ip
core_dir/tmp/_cg/mem48.vhd -view all -origin_type created
INFO:HDLCompiler:1061 - Parsing VHDL file
   "Z:/ProjetosSistemasDigitaisVHDL/projeto_MATRIX_multiplier/matrix_multiplier_
   1/ipcore_dir/tmp/_cg/mem48.vhd" into library work
INFO:ProjectMgmt - Parsing design hierarchy completed successfully.
Adding
Z:/ProjetosSistemasDigitaisVHDL/projeto_MATRIX_multiplier/matrix_multiplier_1/ip
core_dir/tmp/_cg/mem48.vho -view all -origin_type imported
INFO:TclTasksC:2116 - The automatic calculation of top has been turned-off.
   Please set the new top explicitly by running the "project set top" command.
   To re-calculate the new top automatically, set the "Auto Implementation Top"
   property to true.
Top level has been set to "/mem48"
Generating README file...
Generating FLIST file...
INFO:sim:948 - Finished FLIST file generation.
Launching README viewer...
Moving files to output directory...
Finished moving files to output directory
Wrote CGP file for project 'mem48'.
