Release 14.7 - ngc2edif P.20131013 (nt64)
Copyright (c) 1995-2013 Xilinx, Inc.  All rights reserved.
Reading design mem48single.ngc ...
WARNING:NetListWriters:298 - No output is written to mem48single.xncf, ignored.
Processing design ...
   Preping design's networks ...
   Preping design's macros ...
  finished :Prep
Writing EDIF netlist file mem48single.edif ...
ngc2edif: Total memory usage is 77476 kilobytes

Release 14.7 - ngc2edif P.20131013 (nt64)
Copyright (c) 1995-2013 Xilinx, Inc.  All rights reserved.
Reading design matrix_multiplier.ngc ...
WARNING:NetListWriters:298 - No output is written to matrix_multiplier.xncf,
   ignored.
Processing design ...
   Preping design's networks ...
   Preping design's macros ...
  finished :Prep
Writing EDIF netlist file matrix_multiplier.edif ...
ngc2edif: Total memory usage is 79396 kilobytes

Release 14.7 - ngc2edif P.20131013 (nt64)
Copyright (c) 1995-2013 Xilinx, Inc.  All rights reserved.
Reading design mem48single.ngc ...
WARNING:NetListWriters:298 - No output is written to mem48single.xncf, ignored.
Processing design ...
   Preping design's networks ...
   Preping design's macros ...
  finished :Prep
Writing EDIF netlist file mem48single.edif ...
ngc2edif: Total memory usage is 78308 kilobytes

