Release 14.7 - xst P.20131013 (nt64)
Copyright (c) 1995-2013 Xilinx, Inc.  All rights reserved.
--> Parameter TMPDIR set to xst/projnav.tmp


Total REAL time to Xst completion: 0.00 secs
Total CPU time to Xst completion: 0.09 secs
 
--> Parameter xsthdpdir set to xst


Total REAL time to Xst completion: 0.00 secs
Total CPU time to Xst completion: 0.09 secs
 
--> Reading design: mad_block_po.prj

TABLE OF CONTENTS
  1) Synthesis Options Summary
  2) HDL Compilation
  3) Design Hierarchy Analysis
  4) HDL Analysis
  5) HDL Synthesis
     5.1) HDL Synthesis Report
  6) Advanced HDL Synthesis
     6.1) Advanced HDL Synthesis Report
  7) Low Level Synthesis
  8) Partition Report
  9) Final Report
	9.1) Device utilization summary
	9.2) Partition Resource Summary
	9.3) TIMING REPORT


=========================================================================
*                      Synthesis Options Summary                        *
=========================================================================
---- Source Parameters
Input File Name                    : "mad_block_po.prj"
Input Format                       : mixed
Ignore Synthesis Constraint File   : NO

---- Target Parameters
Output File Name                   : "mad_block_po"
Output Format                      : NGC
Target Device                      : xc3s100e-5-cp132

---- Source Options
Top Module Name                    : mad_block_po
Automatic FSM Extraction           : YES
FSM Encoding Algorithm             : Auto
Safe Implementation                : No
FSM Style                          : LUT
RAM Extraction                     : Yes
RAM Style                          : Auto
ROM Extraction                     : Yes
Mux Style                          : Auto
Decoder Extraction                 : YES
Priority Encoder Extraction        : Yes
Shift Register Extraction          : YES
Logical Shifter Extraction         : YES
XOR Collapsing                     : YES
ROM Style                          : Auto
Mux Extraction                     : Yes
Resource Sharing                   : YES
Asynchronous To Synchronous        : NO
Multiplier Style                   : Auto
Automatic Register Balancing       : No

---- Target Options
Add IO Buffers                     : YES
Global Maximum Fanout              : 100000
Add Generic Clock Buffer(BUFG)     : 24
Register Duplication               : YES
Slice Packing                      : YES
Optimize Instantiated Primitives   : NO
Use Clock Enable                   : Yes
Use Synchronous Set                : Yes
Use Synchronous Reset              : Yes
Pack IO Registers into IOBs        : Auto
Equivalent register Removal        : YES

---- General Options
Optimization Goal                  : Speed
Optimization Effort                : 1
Keep Hierarchy                     : No
Netlist Hierarchy                  : As_Optimized
RTL Output                         : Yes
Global Optimization                : AllClockNets
Read Cores                         : YES
Write Timing Constraints           : NO
Cross Clock Analysis               : NO
Hierarchy Separator                : /
Bus Delimiter                      : <>
Case Specifier                     : Maintain
Slice Utilization Ratio            : 100
BRAM Utilization Ratio             : 100
Verilog 2001                       : YES
Auto BRAM Packing                  : NO
Slice Utilization Ratio Delta      : 5

---- Other Options
Cores Search Directories           : {"ipcore_dir"  }

=========================================================================


=========================================================================
*                          HDL Compilation                              *
=========================================================================
Compiling vhdl file "//psf/shared_vm/ProjetosSistemasDigitaisVHDL/projeto_MATRIX_multiplier/matrix_multiplier_final_arq/mad_block_po.vhd" in Library work.
Architecture behavioral of Entity mad_block_po is up to date.

=========================================================================
*                     Design Hierarchy Analysis                         *
=========================================================================
Analyzing hierarchy for entity <mad_block_po> in library <work> (architecture <behavioral>).


=========================================================================
*                            HDL Analysis                               *
=========================================================================
Analyzing Entity <mad_block_po> in library <work> (Architecture <behavioral>).
INFO:Xst:1561 - "//psf/shared_vm/ProjetosSistemasDigitaisVHDL/projeto_MATRIX_multiplier/matrix_multiplier_final_arq/mad_block_po.vhd" line 32: Mux is complete : default of case is discarded
Entity <mad_block_po> analyzed. Unit <mad_block_po> generated.


=========================================================================
*                           HDL Synthesis                               *
=========================================================================

Performing bidirectional port resolution...

Synthesizing Unit <mad_block_po>.
    Related source file is "//psf/shared_vm/ProjetosSistemasDigitaisVHDL/projeto_MATRIX_multiplier/matrix_multiplier_final_arq/mad_block_po.vhd".
    Found 8-bit register for signal <reg_a>.
    Found 8-bit register for signal <reg_b>.
    Found 16-bit register for signal <reg_c>.
    Found 8x8-bit multiplier for signal <reg_c$mult0000> created at line 54.
    Found 16-bit register for signal <reg_d>.
    Found 16-bit adder for signal <sum>.
    Summary:
	inferred  48 D-type flip-flop(s).
	inferred   1 Adder/Subtractor(s).
	inferred   1 Multiplier(s).
Unit <mad_block_po> synthesized.


=========================================================================
HDL Synthesis Report

Macro Statistics
# Multipliers                                          : 1
 8x8-bit multiplier                                    : 1
# Adders/Subtractors                                   : 1
 16-bit adder                                          : 1
# Registers                                            : 4
 16-bit register                                       : 2
 8-bit register                                        : 2

=========================================================================

=========================================================================
*                       Advanced HDL Synthesis                          *
=========================================================================


Synthesizing (advanced) Unit <mad_block_po>.
The following registers are absorbed into accumulator <reg_d>: 1 register on signal <reg_d>.
	Found pipelined multiplier on signal <reg_c_mult0000>:
		- 1 pipeline level(s) found in a register connected to the multiplier macro output.
		Pushing register(s) into the multiplier macro.

		- 1 pipeline level(s) found in a register on signal <reg_a>.
		Pushing register(s) into the multiplier macro.

		- 1 pipeline level(s) found in a register on signal <reg_b>.
		Pushing register(s) into the multiplier macro.
Unit <mad_block_po> synthesized (advanced).

=========================================================================
Advanced HDL Synthesis Report

Macro Statistics
# Multipliers                                          : 1
 8x8-bit registered multiplier                         : 1
# Adders/Subtractors                                   : 1
 16-bit adder                                          : 1
# Accumulators                                         : 1
 16-bit up loadable accumulator                        : 1

=========================================================================

=========================================================================
*                         Low Level Synthesis                           *
=========================================================================

Optimizing unit <mad_block_po> ...

Mapping all equations...
Building and optimizing final netlist ...
Found area constraint ratio of 100 (+ 5) on block mad_block_po, actual ratio is 2.

Final Macro Processing ...

=========================================================================
Final Register Report

Macro Statistics
# Registers                                            : 16
 Flip-Flops                                            : 16

=========================================================================

=========================================================================
*                           Partition Report                            *
=========================================================================

Partition Implementation Status
-------------------------------

  No Partitions were found in this design.

-------------------------------

=========================================================================
*                            Final Report                               *
=========================================================================
Final Results
RTL Top Level Output File Name     : mad_block_po.ngr
Top Level Output File Name         : mad_block_po
Output Format                      : NGC
Optimization Goal                  : Speed
Keep Hierarchy                     : No

Design Statistics
# IOs                              : 38

Cell Usage :
# BELS                             : 95
#      GND                         : 1
#      LUT2                        : 16
#      LUT3                        : 16
#      MUXCY                       : 30
#      XORCY                       : 32
# FlipFlops/Latches                : 16
#      FDE                         : 16
# Clock Buffers                    : 1
#      BUFGP                       : 1
# IO Buffers                       : 37
#      IBUF                        : 21
#      OBUF                        : 16
# MULTs                            : 1
#      MULT18X18SIO                : 1
=========================================================================

Device utilization summary:
---------------------------

Selected Device : 3s100ecp132-5 

 Number of Slices:                       16  out of    960     1%  
 Number of Slice Flip Flops:             16  out of   1920     0%  
 Number of 4 input LUTs:                 32  out of   1920     1%  
 Number of IOs:                          38
 Number of bonded IOBs:                  38  out of     83    45%  
 Number of MULT18X18SIOs:                 1  out of      4    25%  
 Number of GCLKs:                         1  out of     24     4%  

---------------------------
Partition Resource Summary:
---------------------------

  No Partitions were found in this design.

---------------------------


=========================================================================
TIMING REPORT

NOTE: THESE TIMING NUMBERS ARE ONLY A SYNTHESIS ESTIMATE.
      FOR ACCURATE TIMING INFORMATION PLEASE REFER TO THE TRACE REPORT
      GENERATED AFTER PLACE-and-ROUTE.

Clock Information:
------------------
-----------------------------------+------------------------+-------+
Clock Signal                       | Clock buffer(FF name)  | Load  |
-----------------------------------+------------------------+-------+
CLOCK                              | BUFGP                  | 17    |
-----------------------------------+------------------------+-------+

Asynchronous Control Signals Information:
----------------------------------------
No asynchronous control signals found in this design

Timing Summary:
---------------
Speed Grade: -5

   Minimum period: 4.092ns (Maximum Frequency: 244.382MHz)
   Minimum input arrival time before clock: 4.841ns
   Maximum output required time after clock: 7.472ns
   Maximum combinational path delay: No path found

Timing Detail:
--------------
All values displayed in nanoseconds (ns)

=========================================================================
Timing constraint: Default period analysis for Clock 'CLOCK'
  Clock period: 4.092ns (frequency: 244.382MHz)
  Total number of paths / destination ports: 392 / 16
-------------------------------------------------------------------------
Delay:               4.092ns (Levels of Logic = 17)
  Source:            Mmult_reg_c_mult0000 (MULT)
  Destination:       reg_d_15 (FF)
  Source Clock:      CLOCK rising
  Destination Clock: CLOCK rising

  Data Path: Mmult_reg_c_mult0000 to reg_d_15
                                Gate     Net
    Cell:in->out      fanout   Delay   Delay  Logical Name (Net Name)
    ----------------------------------------  ------------
     MULT18X18SIO:CLK->P0    2   0.978   0.410  Mmult_reg_c_mult0000 (reg_c<0>)
     LUT3:I2->O            1   0.612   0.000  Maccum_reg_d_lut<0> (Maccum_reg_d_lut<0>)
     MUXCY:S->O            1   0.404   0.000  Maccum_reg_d_cy<0> (Maccum_reg_d_cy<0>)
     MUXCY:CI->O           1   0.051   0.000  Maccum_reg_d_cy<1> (Maccum_reg_d_cy<1>)
     MUXCY:CI->O           1   0.051   0.000  Maccum_reg_d_cy<2> (Maccum_reg_d_cy<2>)
     MUXCY:CI->O           1   0.051   0.000  Maccum_reg_d_cy<3> (Maccum_reg_d_cy<3>)
     MUXCY:CI->O           1   0.051   0.000  Maccum_reg_d_cy<4> (Maccum_reg_d_cy<4>)
     MUXCY:CI->O           1   0.051   0.000  Maccum_reg_d_cy<5> (Maccum_reg_d_cy<5>)
     MUXCY:CI->O           1   0.051   0.000  Maccum_reg_d_cy<6> (Maccum_reg_d_cy<6>)
     MUXCY:CI->O           1   0.051   0.000  Maccum_reg_d_cy<7> (Maccum_reg_d_cy<7>)
     MUXCY:CI->O           1   0.051   0.000  Maccum_reg_d_cy<8> (Maccum_reg_d_cy<8>)
     MUXCY:CI->O           1   0.051   0.000  Maccum_reg_d_cy<9> (Maccum_reg_d_cy<9>)
     MUXCY:CI->O           1   0.051   0.000  Maccum_reg_d_cy<10> (Maccum_reg_d_cy<10>)
     MUXCY:CI->O           1   0.051   0.000  Maccum_reg_d_cy<11> (Maccum_reg_d_cy<11>)
     MUXCY:CI->O           1   0.051   0.000  Maccum_reg_d_cy<12> (Maccum_reg_d_cy<12>)
     MUXCY:CI->O           1   0.051   0.000  Maccum_reg_d_cy<13> (Maccum_reg_d_cy<13>)
     MUXCY:CI->O           0   0.051   0.000  Maccum_reg_d_cy<14> (Maccum_reg_d_cy<14>)
     XORCY:CI->O           1   0.699   0.000  Maccum_reg_d_xor<15> (Result<15>)
     FDE:D                     0.268          reg_d_15
    ----------------------------------------
    Total                      4.092ns (3.682ns logic, 0.410ns route)
                                       (90.0% logic, 10.0% route)

=========================================================================
Timing constraint: Default OFFSET IN BEFORE for Clock 'CLOCK'
  Total number of paths / destination ports: 171 / 51
-------------------------------------------------------------------------
Offset:              4.841ns (Levels of Logic = 18)
  Source:            mux_sel (PAD)
  Destination:       reg_d_15 (FF)
  Destination Clock: CLOCK rising

  Data Path: mux_sel to reg_d_15
                                Gate     Net
    Cell:in->out      fanout   Delay   Delay  Logical Name (Net Name)
    ----------------------------------------  ------------
     IBUF:I->O            16   1.106   1.031  mux_sel_IBUF (mux_sel_IBUF)
     LUT3:I0->O            1   0.612   0.000  Maccum_reg_d_lut<0> (Maccum_reg_d_lut<0>)
     MUXCY:S->O            1   0.404   0.000  Maccum_reg_d_cy<0> (Maccum_reg_d_cy<0>)
     MUXCY:CI->O           1   0.051   0.000  Maccum_reg_d_cy<1> (Maccum_reg_d_cy<1>)
     MUXCY:CI->O           1   0.051   0.000  Maccum_reg_d_cy<2> (Maccum_reg_d_cy<2>)
     MUXCY:CI->O           1   0.051   0.000  Maccum_reg_d_cy<3> (Maccum_reg_d_cy<3>)
     MUXCY:CI->O           1   0.051   0.000  Maccum_reg_d_cy<4> (Maccum_reg_d_cy<4>)
     MUXCY:CI->O           1   0.051   0.000  Maccum_reg_d_cy<5> (Maccum_reg_d_cy<5>)
     MUXCY:CI->O           1   0.051   0.000  Maccum_reg_d_cy<6> (Maccum_reg_d_cy<6>)
     MUXCY:CI->O           1   0.051   0.000  Maccum_reg_d_cy<7> (Maccum_reg_d_cy<7>)
     MUXCY:CI->O           1   0.051   0.000  Maccum_reg_d_cy<8> (Maccum_reg_d_cy<8>)
     MUXCY:CI->O           1   0.051   0.000  Maccum_reg_d_cy<9> (Maccum_reg_d_cy<9>)
     MUXCY:CI->O           1   0.051   0.000  Maccum_reg_d_cy<10> (Maccum_reg_d_cy<10>)
     MUXCY:CI->O           1   0.051   0.000  Maccum_reg_d_cy<11> (Maccum_reg_d_cy<11>)
     MUXCY:CI->O           1   0.051   0.000  Maccum_reg_d_cy<12> (Maccum_reg_d_cy<12>)
     MUXCY:CI->O           1   0.051   0.000  Maccum_reg_d_cy<13> (Maccum_reg_d_cy<13>)
     MUXCY:CI->O           0   0.051   0.000  Maccum_reg_d_cy<14> (Maccum_reg_d_cy<14>)
     XORCY:CI->O           1   0.699   0.000  Maccum_reg_d_xor<15> (Result<15>)
     FDE:D                     0.268          reg_d_15
    ----------------------------------------
    Total                      4.841ns (3.810ns logic, 1.031ns route)
                                       (78.7% logic, 21.3% route)

=========================================================================
Timing constraint: Default OFFSET OUT AFTER for Clock 'CLOCK'
  Total number of paths / destination ports: 392 / 16
-------------------------------------------------------------------------
Offset:              7.472ns (Levels of Logic = 18)
  Source:            Mmult_reg_c_mult0000 (MULT)
  Destination:       saida<15> (PAD)
  Source Clock:      CLOCK rising

  Data Path: Mmult_reg_c_mult0000 to saida<15>
                                Gate     Net
    Cell:in->out      fanout   Delay   Delay  Logical Name (Net Name)
    ----------------------------------------  ------------
     MULT18X18SIO:CLK->P0    2   0.978   0.532  Mmult_reg_c_mult0000 (reg_c<0>)
     LUT2:I0->O            1   0.612   0.000  Madd_sum_lut<0> (Madd_sum_lut<0>)
     MUXCY:S->O            1   0.404   0.000  Madd_sum_cy<0> (Madd_sum_cy<0>)
     MUXCY:CI->O           1   0.051   0.000  Madd_sum_cy<1> (Madd_sum_cy<1>)
     MUXCY:CI->O           1   0.051   0.000  Madd_sum_cy<2> (Madd_sum_cy<2>)
     MUXCY:CI->O           1   0.051   0.000  Madd_sum_cy<3> (Madd_sum_cy<3>)
     MUXCY:CI->O           1   0.051   0.000  Madd_sum_cy<4> (Madd_sum_cy<4>)
     MUXCY:CI->O           1   0.051   0.000  Madd_sum_cy<5> (Madd_sum_cy<5>)
     MUXCY:CI->O           1   0.051   0.000  Madd_sum_cy<6> (Madd_sum_cy<6>)
     MUXCY:CI->O           1   0.051   0.000  Madd_sum_cy<7> (Madd_sum_cy<7>)
     MUXCY:CI->O           1   0.051   0.000  Madd_sum_cy<8> (Madd_sum_cy<8>)
     MUXCY:CI->O           1   0.051   0.000  Madd_sum_cy<9> (Madd_sum_cy<9>)
     MUXCY:CI->O           1   0.051   0.000  Madd_sum_cy<10> (Madd_sum_cy<10>)
     MUXCY:CI->O           1   0.051   0.000  Madd_sum_cy<11> (Madd_sum_cy<11>)
     MUXCY:CI->O           1   0.051   0.000  Madd_sum_cy<12> (Madd_sum_cy<12>)
     MUXCY:CI->O           1   0.051   0.000  Madd_sum_cy<13> (Madd_sum_cy<13>)
     MUXCY:CI->O           0   0.051   0.000  Madd_sum_cy<14> (Madd_sum_cy<14>)
     XORCY:CI->O           1   0.699   0.357  Madd_sum_xor<15> (saida_15_OBUF)
     OBUF:I->O                 3.169          saida_15_OBUF (saida<15>)
    ----------------------------------------
    Total                      7.472ns (6.583ns logic, 0.889ns route)
                                       (88.1% logic, 11.9% route)

=========================================================================


Total REAL time to Xst completion: 5.00 secs
Total CPU time to Xst completion: 4.87 secs
 
--> 

Total memory usage is 271632 kilobytes

Number of errors   :    0 (   0 filtered)
Number of warnings :    0 (   0 filtered)
Number of infos    :    1 (   0 filtered)

