Release 14.7 - xst P.20131013 (nt64)
Copyright (c) 1995-2013 Xilinx, Inc.  All rights reserved.
--> Parameter TMPDIR set to xst/projnav.tmp


Total REAL time to Xst completion: 0.00 secs
Total CPU time to Xst completion: 0.11 secs
 
--> Parameter xsthdpdir set to xst


Total REAL time to Xst completion: 0.00 secs
Total CPU time to Xst completion: 0.11 secs
 
--> Reading design: COMPARADOR_DE_FUNCOES.prj

TABLE OF CONTENTS
  1) Synthesis Options Summary
  2) HDL Compilation
  3) Design Hierarchy Analysis
  4) HDL Analysis
  5) HDL Synthesis
     5.1) HDL Synthesis Report
  6) Advanced HDL Synthesis
     6.1) Advanced HDL Synthesis Report
  7) Low Level Synthesis
  8) Partition Report
  9) Final Report
	9.1) Device utilization summary
	9.2) Partition Resource Summary
	9.3) TIMING REPORT


=========================================================================
*                      Synthesis Options Summary                        *
=========================================================================
---- Source Parameters
Input File Name                    : "COMPARADOR_DE_FUNCOES.prj"
Input Format                       : mixed
Ignore Synthesis Constraint File   : NO

---- Target Parameters
Output File Name                   : "COMPARADOR_DE_FUNCOES"
Output Format                      : NGC
Target Device                      : xc3s100e-5-cp132

---- Source Options
Top Module Name                    : COMPARADOR_DE_FUNCOES
Automatic FSM Extraction           : YES
FSM Encoding Algorithm             : Auto
Safe Implementation                : No
FSM Style                          : LUT
RAM Extraction                     : Yes
RAM Style                          : Auto
ROM Extraction                     : Yes
Mux Style                          : Auto
Decoder Extraction                 : YES
Priority Encoder Extraction        : Yes
Shift Register Extraction          : YES
Logical Shifter Extraction         : YES
XOR Collapsing                     : YES
ROM Style                          : Auto
Mux Extraction                     : Yes
Resource Sharing                   : YES
Asynchronous To Synchronous        : NO
Multiplier Style                   : Auto
Automatic Register Balancing       : No

---- Target Options
Add IO Buffers                     : YES
Global Maximum Fanout              : 100000
Add Generic Clock Buffer(BUFG)     : 24
Register Duplication               : YES
Slice Packing                      : YES
Optimize Instantiated Primitives   : NO
Use Clock Enable                   : Yes
Use Synchronous Set                : Yes
Use Synchronous Reset              : Yes
Pack IO Registers into IOBs        : Auto
Equivalent register Removal        : YES

---- General Options
Optimization Goal                  : Speed
Optimization Effort                : 1
Keep Hierarchy                     : No
Netlist Hierarchy                  : As_Optimized
RTL Output                         : Yes
Global Optimization                : AllClockNets
Read Cores                         : YES
Write Timing Constraints           : NO
Cross Clock Analysis               : NO
Hierarchy Separator                : /
Bus Delimiter                      : <>
Case Specifier                     : Maintain
Slice Utilization Ratio            : 100
BRAM Utilization Ratio             : 100
Verilog 2001                       : YES
Auto BRAM Packing                  : NO
Slice Utilization Ratio Delta      : 5

=========================================================================


=========================================================================
*                          HDL Compilation                              *
=========================================================================
Compiling vhdl file "//psf/shared_vm/Lista de Exercicios/EX1_vhdl/PARTE_OPERATIVA.vhd" in Library work.
Entity <parte_operativa> compiled.
Entity <parte_operativa> (Architecture <behavioral>) compiled.
Compiling vhdl file "//psf/shared_vm/Lista de Exercicios/EX1_vhdl/PARTE_CONTROLE.vhd" in Library work.
Architecture behavioral of Entity parte_controle is up to date.
Compiling vhdl file "//psf/shared_vm/Lista de Exercicios/EX1_vhdl/comparador_de_funcoes.vhd" in Library work.
Architecture behavioral of Entity comparador_de_funcoes is up to date.

=========================================================================
*                     Design Hierarchy Analysis                         *
=========================================================================
Analyzing hierarchy for entity <COMPARADOR_DE_FUNCOES> in library <work> (architecture <behavioral>).

Analyzing hierarchy for entity <PARTE_OPERATIVA> in library <work> (architecture <behavioral>).

Analyzing hierarchy for entity <PARTE_CONTROLE> in library <work> (architecture <behavioral>).


=========================================================================
*                            HDL Analysis                               *
=========================================================================
Analyzing Entity <COMPARADOR_DE_FUNCOES> in library <work> (Architecture <behavioral>).
Entity <COMPARADOR_DE_FUNCOES> analyzed. Unit <COMPARADOR_DE_FUNCOES> generated.

Analyzing Entity <PARTE_OPERATIVA> in library <work> (Architecture <behavioral>).
INFO:Xst:1561 - "//psf/shared_vm/Lista de Exercicios/EX1_vhdl/PARTE_OPERATIVA.vhd" line 102: Mux is complete : default of case is discarded
INFO:Xst:1561 - "//psf/shared_vm/Lista de Exercicios/EX1_vhdl/PARTE_OPERATIVA.vhd" line 114: Mux is complete : default of case is discarded
Entity <PARTE_OPERATIVA> analyzed. Unit <PARTE_OPERATIVA> generated.

Analyzing Entity <PARTE_CONTROLE> in library <work> (Architecture <behavioral>).
Entity <PARTE_CONTROLE> analyzed. Unit <PARTE_CONTROLE> generated.


=========================================================================
*                           HDL Synthesis                               *
=========================================================================

Performing bidirectional port resolution...

Synthesizing Unit <PARTE_OPERATIVA>.
    Related source file is "//psf/shared_vm/Lista de Exercicios/EX1_vhdl/PARTE_OPERATIVA.vhd".
WARNING:Xst:646 - Signal <temp_resul<31:16>> is assigned but never used. This unconnected signal will be trimmed during the optimization process.
WARNING:Xst:737 - Found 32-bit latch for signal <temp_resul>. Latches may be generated from incomplete case or if statements. We do not recommend the use of latches in FPGA/CPLD designs, as they may lead to timing problems.
WARNING:Xst:737 - Found 16-bit latch for signal <saida_reg_LA>. Latches may be generated from incomplete case or if statements. We do not recommend the use of latches in FPGA/CPLD designs, as they may lead to timing problems.
WARNING:Xst:737 - Found 16-bit latch for signal <saida_reg_LF>. Latches may be generated from incomplete case or if statements. We do not recommend the use of latches in FPGA/CPLD designs, as they may lead to timing problems.
WARNING:Xst:737 - Found 16-bit latch for signal <saida_reg_LG>. Latches may be generated from incomplete case or if statements. We do not recommend the use of latches in FPGA/CPLD designs, as they may lead to timing problems.
WARNING:Xst:737 - Found 16-bit latch for signal <saida_reg_LX>. Latches may be generated from incomplete case or if statements. We do not recommend the use of latches in FPGA/CPLD designs, as they may lead to timing problems.
    Found 16-bit comparator equal for signal <IGUAL$cmp_eq0000> created at line 140.
    Found 16-bit comparator less for signal <IGUAL$cmp_lt0000> created at line 136.
    Found 16-bit comparator greater for signal <MAIOR$cmp_gt0000> created at line 133.
    Found 16-bit 4-to-1 multiplexer for signal <saida_M1>.
    Found 16-bit adder for signal <saida_ula$addsub0000> created at line 124.
    Found 16x16-bit multiplier for signal <temp_resul$mult0000> created at line 126.
    Summary:
	inferred   1 Adder/Subtractor(s).
	inferred   1 Multiplier(s).
	inferred   3 Comparator(s).
	inferred  16 Multiplexer(s).
Unit <PARTE_OPERATIVA> synthesized.


Synthesizing Unit <PARTE_CONTROLE>.
    Related source file is "//psf/shared_vm/Lista de Exercicios/EX1_vhdl/PARTE_CONTROLE.vhd".
INFO:Xst:1799 - State e21 is never reached in FSM <ESTADO_ATUAL>.
INFO:Xst:1799 - State e1 is never reached in FSM <ESTADO_ATUAL>.
INFO:Xst:1799 - State e3 is never reached in FSM <ESTADO_ATUAL>.
INFO:Xst:1799 - State e2 is never reached in FSM <ESTADO_ATUAL>.
INFO:Xst:1799 - State e4 is never reached in FSM <ESTADO_ATUAL>.
INFO:Xst:1799 - State e5 is never reached in FSM <ESTADO_ATUAL>.
INFO:Xst:1799 - State e6 is never reached in FSM <ESTADO_ATUAL>.
INFO:Xst:1799 - State e7 is never reached in FSM <ESTADO_ATUAL>.
    Found finite state machine <FSM_0> for signal <ESTADO_ATUAL>.
    -----------------------------------------------------------------------
    | States             | 1                                              |
    | Transitions        | 1                                              |
    | Inputs             | 0                                              |
    | Outputs            | 0                                              |
    | Clock              | CLOCK                     (rising_edge)        |
    | Reset              | RESET                     (positive)           |
    | Reset type         | asynchronous                                   |
    | Reset State        | idle                                           |
    | Power Up State     | idle                                           |
    | Encoding           | automatic                                      |
    | Implementation     | LUT                                            |
    -----------------------------------------------------------------------
    Summary:
	inferred   1 Finite State Machine(s).
Unit <PARTE_CONTROLE> synthesized.


Synthesizing Unit <COMPARADOR_DE_FUNCOES>.
    Related source file is "//psf/shared_vm/Lista de Exercicios/EX1_vhdl/comparador_de_funcoes.vhd".
WARNING:Xst:1780 - Signal <saida_M2> is never used or assigned. This unconnected signal will be trimmed during the optimization process.
WARNING:Xst:1780 - Signal <M2> is never used or assigned. This unconnected signal will be trimmed during the optimization process.
Unit <COMPARADOR_DE_FUNCOES> synthesized.


=========================================================================
HDL Synthesis Report

Macro Statistics
# Multipliers                                          : 1
 16x16-bit multiplier                                  : 1
# Adders/Subtractors                                   : 1
 16-bit adder                                          : 1
# Latches                                              : 5
 16-bit latch                                          : 4
 32-bit latch                                          : 1
# Comparators                                          : 3
 16-bit comparator equal                               : 1
 16-bit comparator greater                             : 1
 16-bit comparator less                                : 1
# Multiplexers                                         : 1
 16-bit 4-to-1 multiplexer                             : 1

=========================================================================

=========================================================================
*                       Advanced HDL Synthesis                          *
=========================================================================

WARNING:Xst:1710 - FF/Latch <0> (without init value) has a constant value of 0 in block <8>. This FF/Latch will be trimmed during the optimization process.
WARNING:Xst:1710 - FF/Latch <0> (without init value) has a constant value of 0 in block <9>. This FF/Latch will be trimmed during the optimization process.
WARNING:Xst:1710 - FF/Latch <0> (without init value) has a constant value of 0 in block <10>. This FF/Latch will be trimmed during the optimization process.
WARNING:Xst:1710 - FF/Latch <0> (without init value) has a constant value of 0 in block <11>. This FF/Latch will be trimmed during the optimization process.
WARNING:Xst:1710 - FF/Latch <0> (without init value) has a constant value of 0 in block <12>. This FF/Latch will be trimmed during the optimization process.
WARNING:Xst:1710 - FF/Latch <0> (without init value) has a constant value of 0 in block <13>. This FF/Latch will be trimmed during the optimization process.
WARNING:Xst:1710 - FF/Latch <0> (without init value) has a constant value of 0 in block <14>. This FF/Latch will be trimmed during the optimization process.
WARNING:Xst:1710 - FF/Latch <0> (without init value) has a constant value of 0 in block <15>. This FF/Latch will be trimmed during the optimization process.
WARNING:Xst:1710 - FF/Latch <0> (without init value) has a constant value of 0 in block <0>. This FF/Latch will be trimmed during the optimization process.
WARNING:Xst:1710 - FF/Latch <0> (without init value) has a constant value of 0 in block <1>. This FF/Latch will be trimmed during the optimization process.
WARNING:Xst:1710 - FF/Latch <0> (without init value) has a constant value of 0 in block <2>. This FF/Latch will be trimmed during the optimization process.
WARNING:Xst:1710 - FF/Latch <0> (without init value) has a constant value of 0 in block <3>. This FF/Latch will be trimmed during the optimization process.
WARNING:Xst:1710 - FF/Latch <0> (without init value) has a constant value of 0 in block <4>. This FF/Latch will be trimmed during the optimization process.
WARNING:Xst:1710 - FF/Latch <0> (without init value) has a constant value of 0 in block <5>. This FF/Latch will be trimmed during the optimization process.
WARNING:Xst:1710 - FF/Latch <0> (without init value) has a constant value of 0 in block <6>. This FF/Latch will be trimmed during the optimization process.
WARNING:Xst:1710 - FF/Latch <0> (without init value) has a constant value of 0 in block <7>. This FF/Latch will be trimmed during the optimization process.
WARNING:Xst:1710 - FF/Latch <0> (without init value) has a constant value of 0 in block <8>. This FF/Latch will be trimmed during the optimization process.
WARNING:Xst:1710 - FF/Latch <0> (without init value) has a constant value of 0 in block <9>. This FF/Latch will be trimmed during the optimization process.
WARNING:Xst:1710 - FF/Latch <0> (without init value) has a constant value of 0 in block <10>. This FF/Latch will be trimmed during the optimization process.
WARNING:Xst:1710 - FF/Latch <0> (without init value) has a constant value of 0 in block <11>. This FF/Latch will be trimmed during the optimization process.
WARNING:Xst:1710 - FF/Latch <0> (without init value) has a constant value of 0 in block <12>. This FF/Latch will be trimmed during the optimization process.
WARNING:Xst:1710 - FF/Latch <0> (without init value) has a constant value of 0 in block <13>. This FF/Latch will be trimmed during the optimization process.
WARNING:Xst:1710 - FF/Latch <0> (without init value) has a constant value of 0 in block <14>. This FF/Latch will be trimmed during the optimization process.
WARNING:Xst:1710 - FF/Latch <0> (without init value) has a constant value of 0 in block <15>. This FF/Latch will be trimmed during the optimization process.
WARNING:Xst:1710 - FF/Latch <0> (without init value) has a constant value of 0 in block <0>. This FF/Latch will be trimmed during the optimization process.
WARNING:Xst:1710 - FF/Latch <0> (without init value) has a constant value of 0 in block <1>. This FF/Latch will be trimmed during the optimization process.
WARNING:Xst:1710 - FF/Latch <0> (without init value) has a constant value of 0 in block <2>. This FF/Latch will be trimmed during the optimization process.
WARNING:Xst:1710 - FF/Latch <0> (without init value) has a constant value of 0 in block <3>. This FF/Latch will be trimmed during the optimization process.
WARNING:Xst:1710 - FF/Latch <0> (without init value) has a constant value of 0 in block <4>. This FF/Latch will be trimmed during the optimization process.
WARNING:Xst:1710 - FF/Latch <0> (without init value) has a constant value of 0 in block <5>. This FF/Latch will be trimmed during the optimization process.
WARNING:Xst:1710 - FF/Latch <0> (without init value) has a constant value of 0 in block <6>. This FF/Latch will be trimmed during the optimization process.
WARNING:Xst:1710 - FF/Latch <0> (without init value) has a constant value of 0 in block <7>. This FF/Latch will be trimmed during the optimization process.
WARNING:Xst:1710 - FF/Latch <0> (without init value) has a constant value of 0 in block <8>. This FF/Latch will be trimmed during the optimization process.
WARNING:Xst:1710 - FF/Latch <0> (without init value) has a constant value of 0 in block <9>. This FF/Latch will be trimmed during the optimization process.
WARNING:Xst:1710 - FF/Latch <0> (without init value) has a constant value of 0 in block <10>. This FF/Latch will be trimmed during the optimization process.
WARNING:Xst:1710 - FF/Latch <0> (without init value) has a constant value of 0 in block <11>. This FF/Latch will be trimmed during the optimization process.
WARNING:Xst:1710 - FF/Latch <0> (without init value) has a constant value of 0 in block <12>. This FF/Latch will be trimmed during the optimization process.
WARNING:Xst:1710 - FF/Latch <0> (without init value) has a constant value of 0 in block <13>. This FF/Latch will be trimmed during the optimization process.
WARNING:Xst:1710 - FF/Latch <0> (without init value) has a constant value of 0 in block <14>. This FF/Latch will be trimmed during the optimization process.
WARNING:Xst:1710 - FF/Latch <0> (without init value) has a constant value of 0 in block <15>. This FF/Latch will be trimmed during the optimization process.
WARNING:Xst:1710 - FF/Latch <0> (without init value) has a constant value of 0 in block <0>. This FF/Latch will be trimmed during the optimization process.
WARNING:Xst:1710 - FF/Latch <0> (without init value) has a constant value of 0 in block <1>. This FF/Latch will be trimmed during the optimization process.
WARNING:Xst:1710 - FF/Latch <0> (without init value) has a constant value of 0 in block <2>. This FF/Latch will be trimmed during the optimization process.
WARNING:Xst:1710 - FF/Latch <0> (without init value) has a constant value of 0 in block <3>. This FF/Latch will be trimmed during the optimization process.
WARNING:Xst:1710 - FF/Latch <0> (without init value) has a constant value of 0 in block <4>. This FF/Latch will be trimmed during the optimization process.
WARNING:Xst:1710 - FF/Latch <0> (without init value) has a constant value of 0 in block <5>. This FF/Latch will be trimmed during the optimization process.
WARNING:Xst:1710 - FF/Latch <0> (without init value) has a constant value of 0 in block <6>. This FF/Latch will be trimmed during the optimization process.
WARNING:Xst:1710 - FF/Latch <0> (without init value) has a constant value of 0 in block <7>. This FF/Latch will be trimmed during the optimization process.

=========================================================================
Advanced HDL Synthesis Report

Macro Statistics
# Multipliers                                          : 1
 16x16-bit multiplier                                  : 1
# Adders/Subtractors                                   : 1
 16-bit adder                                          : 1
# Latches                                              : 5
 16-bit latch                                          : 4
 32-bit latch                                          : 1
# Comparators                                          : 3
 16-bit comparator equal                               : 1
 16-bit comparator greater                             : 1
 16-bit comparator less                                : 1
# Multiplexers                                         : 1
 16-bit 4-to-1 multiplexer                             : 1

=========================================================================

=========================================================================
*                         Low Level Synthesis                           *
=========================================================================
WARNING:Xst:1710 - FF/Latch <saida_reg_LF_0> (without init value) has a constant value of 0 in block <PARTE_OPERATIVA>. This FF/Latch will be trimmed during the optimization process.
WARNING:Xst:1710 - FF/Latch <saida_reg_LX_14> (without init value) has a constant value of 0 in block <PARTE_OPERATIVA>. This FF/Latch will be trimmed during the optimization process.
WARNING:Xst:1710 - FF/Latch <saida_reg_LX_13> (without init value) has a constant value of 0 in block <PARTE_OPERATIVA>. This FF/Latch will be trimmed during the optimization process.
WARNING:Xst:1710 - FF/Latch <saida_reg_LX_12> (without init value) has a constant value of 0 in block <PARTE_OPERATIVA>. This FF/Latch will be trimmed during the optimization process.
WARNING:Xst:1710 - FF/Latch <saida_reg_LX_11> (without init value) has a constant value of 0 in block <PARTE_OPERATIVA>. This FF/Latch will be trimmed during the optimization process.
WARNING:Xst:1710 - FF/Latch <saida_reg_LX_10> (without init value) has a constant value of 0 in block <PARTE_OPERATIVA>. This FF/Latch will be trimmed during the optimization process.
WARNING:Xst:1710 - FF/Latch <saida_reg_LX_9> (without init value) has a constant value of 0 in block <PARTE_OPERATIVA>. This FF/Latch will be trimmed during the optimization process.
WARNING:Xst:1710 - FF/Latch <saida_reg_LX_8> (without init value) has a constant value of 0 in block <PARTE_OPERATIVA>. This FF/Latch will be trimmed during the optimization process.
WARNING:Xst:1895 - Due to other FF/Latch trimming, FF/Latch <saida_reg_LX_7> (without init value) has a constant value of 0 in block <PARTE_OPERATIVA>. This FF/Latch will be trimmed during the optimization process.
WARNING:Xst:1895 - Due to other FF/Latch trimming, FF/Latch <saida_reg_LX_6> (without init value) has a constant value of 0 in block <PARTE_OPERATIVA>. This FF/Latch will be trimmed during the optimization process.
WARNING:Xst:1895 - Due to other FF/Latch trimming, FF/Latch <saida_reg_LX_5> (without init value) has a constant value of 0 in block <PARTE_OPERATIVA>. This FF/Latch will be trimmed during the optimization process.
WARNING:Xst:1895 - Due to other FF/Latch trimming, FF/Latch <saida_reg_LX_4> (without init value) has a constant value of 0 in block <PARTE_OPERATIVA>. This FF/Latch will be trimmed during the optimization process.
WARNING:Xst:1895 - Due to other FF/Latch trimming, FF/Latch <saida_reg_LX_3> (without init value) has a constant value of 0 in block <PARTE_OPERATIVA>. This FF/Latch will be trimmed during the optimization process.
WARNING:Xst:1895 - Due to other FF/Latch trimming, FF/Latch <saida_reg_LX_2> (without init value) has a constant value of 0 in block <PARTE_OPERATIVA>. This FF/Latch will be trimmed during the optimization process.
WARNING:Xst:1895 - Due to other FF/Latch trimming, FF/Latch <saida_reg_LX_1> (without init value) has a constant value of 0 in block <PARTE_OPERATIVA>. This FF/Latch will be trimmed during the optimization process.
WARNING:Xst:1895 - Due to other FF/Latch trimming, FF/Latch <saida_reg_LX_0> (without init value) has a constant value of 0 in block <PARTE_OPERATIVA>. This FF/Latch will be trimmed during the optimization process.
WARNING:Xst:1895 - Due to other FF/Latch trimming, FF/Latch <saida_reg_LF_15> (without init value) has a constant value of 0 in block <PARTE_OPERATIVA>. This FF/Latch will be trimmed during the optimization process.
WARNING:Xst:1895 - Due to other FF/Latch trimming, FF/Latch <saida_reg_LF_14> (without init value) has a constant value of 0 in block <PARTE_OPERATIVA>. This FF/Latch will be trimmed during the optimization process.
WARNING:Xst:1895 - Due to other FF/Latch trimming, FF/Latch <saida_reg_LF_13> (without init value) has a constant value of 0 in block <PARTE_OPERATIVA>. This FF/Latch will be trimmed during the optimization process.
WARNING:Xst:1895 - Due to other FF/Latch trimming, FF/Latch <saida_reg_LF_12> (without init value) has a constant value of 0 in block <PARTE_OPERATIVA>. This FF/Latch will be trimmed during the optimization process.
WARNING:Xst:1895 - Due to other FF/Latch trimming, FF/Latch <saida_reg_LF_11> (without init value) has a constant value of 0 in block <PARTE_OPERATIVA>. This FF/Latch will be trimmed during the optimization process.
WARNING:Xst:1895 - Due to other FF/Latch trimming, FF/Latch <saida_reg_LF_10> (without init value) has a constant value of 0 in block <PARTE_OPERATIVA>. This FF/Latch will be trimmed during the optimization process.
WARNING:Xst:1895 - Due to other FF/Latch trimming, FF/Latch <saida_reg_LF_9> (without init value) has a constant value of 0 in block <PARTE_OPERATIVA>. This FF/Latch will be trimmed during the optimization process.
WARNING:Xst:1895 - Due to other FF/Latch trimming, FF/Latch <saida_reg_LF_8> (without init value) has a constant value of 0 in block <PARTE_OPERATIVA>. This FF/Latch will be trimmed during the optimization process.
WARNING:Xst:1895 - Due to other FF/Latch trimming, FF/Latch <saida_reg_LF_7> (without init value) has a constant value of 0 in block <PARTE_OPERATIVA>. This FF/Latch will be trimmed during the optimization process.
WARNING:Xst:1895 - Due to other FF/Latch trimming, FF/Latch <saida_reg_LF_6> (without init value) has a constant value of 0 in block <PARTE_OPERATIVA>. This FF/Latch will be trimmed during the optimization process.
WARNING:Xst:1895 - Due to other FF/Latch trimming, FF/Latch <saida_reg_LF_5> (without init value) has a constant value of 0 in block <PARTE_OPERATIVA>. This FF/Latch will be trimmed during the optimization process.
WARNING:Xst:1895 - Due to other FF/Latch trimming, FF/Latch <saida_reg_LF_4> (without init value) has a constant value of 0 in block <PARTE_OPERATIVA>. This FF/Latch will be trimmed during the optimization process.
WARNING:Xst:1895 - Due to other FF/Latch trimming, FF/Latch <saida_reg_LF_3> (without init value) has a constant value of 0 in block <PARTE_OPERATIVA>. This FF/Latch will be trimmed during the optimization process.
WARNING:Xst:1895 - Due to other FF/Latch trimming, FF/Latch <saida_reg_LF_2> (without init value) has a constant value of 0 in block <PARTE_OPERATIVA>. This FF/Latch will be trimmed during the optimization process.
WARNING:Xst:1895 - Due to other FF/Latch trimming, FF/Latch <saida_reg_LF_1> (without init value) has a constant value of 0 in block <PARTE_OPERATIVA>. This FF/Latch will be trimmed during the optimization process.
WARNING:Xst:2677 - Node <Mmult_temp_resul_mult0000> of sequential type is unconnected in block <PARTE_OPERATIVA>.
WARNING:Xst:2677 - Node <saida_reg_LX_15> of sequential type is unconnected in block <PARTE_OPERATIVA>.
WARNING:Xst:2677 - Node <saida_reg_LA_0> of sequential type is unconnected in block <PARTE_OPERATIVA>.
WARNING:Xst:2677 - Node <saida_reg_LA_1> of sequential type is unconnected in block <PARTE_OPERATIVA>.
WARNING:Xst:2677 - Node <saida_reg_LA_2> of sequential type is unconnected in block <PARTE_OPERATIVA>.
WARNING:Xst:2677 - Node <saida_reg_LA_3> of sequential type is unconnected in block <PARTE_OPERATIVA>.
WARNING:Xst:2677 - Node <saida_reg_LA_4> of sequential type is unconnected in block <PARTE_OPERATIVA>.
WARNING:Xst:2677 - Node <saida_reg_LA_5> of sequential type is unconnected in block <PARTE_OPERATIVA>.
WARNING:Xst:2677 - Node <saida_reg_LA_6> of sequential type is unconnected in block <PARTE_OPERATIVA>.
WARNING:Xst:2677 - Node <saida_reg_LA_7> of sequential type is unconnected in block <PARTE_OPERATIVA>.
WARNING:Xst:2677 - Node <saida_reg_LA_8> of sequential type is unconnected in block <PARTE_OPERATIVA>.
WARNING:Xst:2677 - Node <saida_reg_LA_9> of sequential type is unconnected in block <PARTE_OPERATIVA>.
WARNING:Xst:2677 - Node <saida_reg_LA_10> of sequential type is unconnected in block <PARTE_OPERATIVA>.
WARNING:Xst:2677 - Node <saida_reg_LA_11> of sequential type is unconnected in block <PARTE_OPERATIVA>.
WARNING:Xst:2677 - Node <saida_reg_LA_12> of sequential type is unconnected in block <PARTE_OPERATIVA>.
WARNING:Xst:2677 - Node <saida_reg_LA_13> of sequential type is unconnected in block <PARTE_OPERATIVA>.
WARNING:Xst:2677 - Node <saida_reg_LA_14> of sequential type is unconnected in block <PARTE_OPERATIVA>.
WARNING:Xst:2677 - Node <saida_reg_LA_15> of sequential type is unconnected in block <PARTE_OPERATIVA>.
WARNING:Xst:2677 - Node <temp_resul_0> of sequential type is unconnected in block <PARTE_OPERATIVA>.
WARNING:Xst:2677 - Node <temp_resul_1> of sequential type is unconnected in block <PARTE_OPERATIVA>.
WARNING:Xst:2677 - Node <temp_resul_2> of sequential type is unconnected in block <PARTE_OPERATIVA>.
WARNING:Xst:2677 - Node <temp_resul_3> of sequential type is unconnected in block <PARTE_OPERATIVA>.
WARNING:Xst:2677 - Node <temp_resul_4> of sequential type is unconnected in block <PARTE_OPERATIVA>.
WARNING:Xst:2677 - Node <temp_resul_5> of sequential type is unconnected in block <PARTE_OPERATIVA>.
WARNING:Xst:2677 - Node <temp_resul_6> of sequential type is unconnected in block <PARTE_OPERATIVA>.
WARNING:Xst:2677 - Node <temp_resul_7> of sequential type is unconnected in block <PARTE_OPERATIVA>.
WARNING:Xst:2677 - Node <temp_resul_8> of sequential type is unconnected in block <PARTE_OPERATIVA>.
WARNING:Xst:2677 - Node <temp_resul_9> of sequential type is unconnected in block <PARTE_OPERATIVA>.
WARNING:Xst:2677 - Node <temp_resul_10> of sequential type is unconnected in block <PARTE_OPERATIVA>.
WARNING:Xst:2677 - Node <temp_resul_11> of sequential type is unconnected in block <PARTE_OPERATIVA>.
WARNING:Xst:2677 - Node <temp_resul_12> of sequential type is unconnected in block <PARTE_OPERATIVA>.
WARNING:Xst:2677 - Node <temp_resul_13> of sequential type is unconnected in block <PARTE_OPERATIVA>.
WARNING:Xst:2677 - Node <temp_resul_14> of sequential type is unconnected in block <PARTE_OPERATIVA>.
WARNING:Xst:2677 - Node <temp_resul_15> of sequential type is unconnected in block <PARTE_OPERATIVA>.
WARNING:Xst:2677 - Node <temp_resul_16> of sequential type is unconnected in block <PARTE_OPERATIVA>.
WARNING:Xst:2677 - Node <temp_resul_17> of sequential type is unconnected in block <PARTE_OPERATIVA>.
WARNING:Xst:2677 - Node <temp_resul_18> of sequential type is unconnected in block <PARTE_OPERATIVA>.
WARNING:Xst:2677 - Node <temp_resul_19> of sequential type is unconnected in block <PARTE_OPERATIVA>.
WARNING:Xst:2677 - Node <temp_resul_20> of sequential type is unconnected in block <PARTE_OPERATIVA>.
WARNING:Xst:2677 - Node <temp_resul_21> of sequential type is unconnected in block <PARTE_OPERATIVA>.
WARNING:Xst:2677 - Node <temp_resul_22> of sequential type is unconnected in block <PARTE_OPERATIVA>.
WARNING:Xst:2677 - Node <temp_resul_23> of sequential type is unconnected in block <PARTE_OPERATIVA>.
WARNING:Xst:2677 - Node <temp_resul_24> of sequential type is unconnected in block <PARTE_OPERATIVA>.
WARNING:Xst:2677 - Node <temp_resul_25> of sequential type is unconnected in block <PARTE_OPERATIVA>.
WARNING:Xst:2677 - Node <temp_resul_26> of sequential type is unconnected in block <PARTE_OPERATIVA>.
WARNING:Xst:2677 - Node <temp_resul_27> of sequential type is unconnected in block <PARTE_OPERATIVA>.
WARNING:Xst:2677 - Node <temp_resul_28> of sequential type is unconnected in block <PARTE_OPERATIVA>.
WARNING:Xst:2677 - Node <temp_resul_29> of sequential type is unconnected in block <PARTE_OPERATIVA>.
WARNING:Xst:2677 - Node <temp_resul_30> of sequential type is unconnected in block <PARTE_OPERATIVA>.
WARNING:Xst:2677 - Node <temp_resul_31> of sequential type is unconnected in block <PARTE_OPERATIVA>.

Optimizing unit <COMPARADOR_DE_FUNCOES> ...

Mapping all equations...
Building and optimizing final netlist ...
Found area constraint ratio of 100 (+ 5) on block COMPARADOR_DE_FUNCOES, actual ratio is 0.

Final Macro Processing ...

=========================================================================
Final Register Report

Found no macro
=========================================================================

=========================================================================
*                           Partition Report                            *
=========================================================================

Partition Implementation Status
-------------------------------

  No Partitions were found in this design.

-------------------------------

=========================================================================
*                            Final Report                               *
=========================================================================
Final Results
RTL Top Level Output File Name     : COMPARADOR_DE_FUNCOES.ngr
Top Level Output File Name         : COMPARADOR_DE_FUNCOES
Output Format                      : NGC
Optimization Goal                  : Speed
Keep Hierarchy                     : No

Design Statistics
# IOs                              : 14

Cell Usage :
# BELS                             : 2
#      GND                         : 1
#      VCC                         : 1
# IO Buffers                       : 4
#      OBUF                        : 4
=========================================================================

Device utilization summary:
---------------------------

Selected Device : 3s100ecp132-5 

 Number of Slices:                        0  out of    960     0%  
 Number of IOs:                          14
 Number of bonded IOBs:                   4  out of     83     4%  

---------------------------
Partition Resource Summary:
---------------------------

  No Partitions were found in this design.

---------------------------


=========================================================================
TIMING REPORT

NOTE: THESE TIMING NUMBERS ARE ONLY A SYNTHESIS ESTIMATE.
      FOR ACCURATE TIMING INFORMATION PLEASE REFER TO THE TRACE REPORT
      GENERATED AFTER PLACE-and-ROUTE.

Clock Information:
------------------
No clock signals found in this design

Asynchronous Control Signals Information:
----------------------------------------
No asynchronous control signals found in this design

Timing Summary:
---------------
Speed Grade: -5

   Minimum period: No path found
   Minimum input arrival time before clock: No path found
   Maximum output required time after clock: No path found
   Maximum combinational path delay: No path found

Timing Detail:
--------------
All values displayed in nanoseconds (ns)

=========================================================================


Total REAL time to Xst completion: 5.00 secs
Total CPU time to Xst completion: 4.50 secs
 
--> 

Total memory usage is 257168 kilobytes

Number of errors   :    0 (   0 filtered)
Number of warnings :  137 (   0 filtered)
Number of infos    :   10 (   0 filtered)

