ISim log file
Running: Z:\Lista de Exercicios\EX1\tb_COMPARADOR_DE_FUNCOES_isim_beh.exe -intstyle ise -gui -tclbatch isim.cmd -wdb Z:/Lista de Exercicios/EX1/tb_COMPARADOR_DE_FUNCOES_isim_beh.wdb 
ISim P.20131013 (signature 0x7708f090)
WARNING: A WEBPACK license was found.
WARNING: Please use Xilinx License Configuration Manager to check out a full ISim license.
WARNING: ISim will run in Lite mode. Please refer to the ISim documentation for more information on the differences between the Lite and the Full version.
This is a Lite version of ISim.
Time resolution is 1 ps
# onerror resume
# wave add /
# run 1000 ns
Simulator is doing circuit initialization process.
at 0 ps, Instance /tb_comparador_de_funcoes/uut/PO/ : Warning: There is an 'U'|'X'|'W'|'Z'|'-' in an arithmetic operand, the result will be 'X'(es).
Finished circuit initialization process.
ERROR: at 225 ns(10000): Iteration limit 10000 is reached. Possible zero delay oscillation detected where simulation can not advance in time because signals can not resolve to a stable value in File "//psf/Shared_VM/Lista de Exercicios/EX1_vhdl/PARTE_OPERATIVA.vhd" Line 114. Please correct this code in order to advance past the current simulation time.

INFO: Simulator is stopped.
# restart
# run 1.00us
Simulator is doing circuit initialization process.
Finished circuit initialization process.
ERROR: at 225 ns(10000): Iteration limit 10000 is reached. Possible zero delay oscillation detected where simulation can not advance in time because signals can not resolve to a stable value in File "//psf/Shared_VM/Lista de Exercicios/EX1_vhdl/PARTE_OPERATIVA.vhd" Line 114. Please correct this code in order to advance past the current simulation time.

INFO: Simulator is stopped.
