INFO:sim:172 - Generating IP...
ERROR:sim - Unable to find ._arq\init_mem8.coe
ERROR:sim -    Coregen is looking for
ERROR:sim -   
   Z:\ProjetosSistemasDigitaisVHDL\projeto_MATRIX_multiplier\matrix_multiplier_1
ERROR:sim -    \._arq\init_mem8.coe
ERROR:sim - Unable to find ._arq\init_mem8.coe
ERROR:sim -    Coregen is looking for
ERROR:sim -   
   Z:\ProjetosSistemasDigitaisVHDL\projeto_MATRIX_multiplier\matrix_multiplier_1
ERROR:sim -    \._arq\init_mem8.coe
ERROR:sim - Unable to find ._arq\init_mem8.coe
ERROR:sim -    Coregen is looking for
ERROR:sim -   
   Z:\ProjetosSistemasDigitaisVHDL\projeto_MATRIX_multiplier\matrix_multiplier_1
ERROR:sim -    \._arq\init_mem8.coe
ERROR:sim - Unable to find .m_arq\init_mem8.coe
ERROR:sim -    Coregen is looking for
ERROR:sim -   
   Z:\ProjetosSistemasDigitaisVHDL\projeto_MATRIX_multiplier\matrix_multiplier_1
ERROR:sim -    \.m_arq\init_mem8.coe
ERROR:sim - Unable to find .ma_arq\init_mem8.coe
ERROR:sim -    Coregen is looking for
ERROR:sim -   
   Z:\ProjetosSistemasDigitaisVHDL\projeto_MATRIX_multiplier\matrix_multiplier_1
ERROR:sim -    \.ma_arq\init_mem8.coe
ERROR:sim - Unable to find .mat_arq\init_mem8.coe
ERROR:sim -    Coregen is looking for
ERROR:sim -   
   Z:\ProjetosSistemasDigitaisVHDL\projeto_MATRIX_multiplier\matrix_multiplier_1
ERROR:sim -    \.mat_arq\init_mem8.coe
ERROR:sim - Unable to find .matr_arq\init_mem8.coe
ERROR:sim -    Coregen is looking for
ERROR:sim -   
   Z:\ProjetosSistemasDigitaisVHDL\projeto_MATRIX_multiplier\matrix_multiplier_1
ERROR:sim -    \.matr_arq\init_mem8.coe
ERROR:sim - Unable to find .matri_arq\init_mem8.coe
ERROR:sim -    Coregen is looking for
ERROR:sim -   
   Z:\ProjetosSistemasDigitaisVHDL\projeto_MATRIX_multiplier\matrix_multiplier_1
ERROR:sim -    \.matri_arq\init_mem8.coe
ERROR:sim - Unable to find .matrix_arq\init_mem8.coe
ERROR:sim -    Coregen is looking for
ERROR:sim -   
   Z:\ProjetosSistemasDigitaisVHDL\projeto_MATRIX_multiplier\matrix_multiplier_1
ERROR:sim -    \.matrix_arq\init_mem8.coe
ERROR:sim - Unable to find .matrix__arq\init_mem8.coe
ERROR:sim -    Coregen is looking for
ERROR:sim -   
   Z:\ProjetosSistemasDigitaisVHDL\projeto_MATRIX_multiplier\matrix_multiplier_1
ERROR:sim -    \.matrix__arq\init_mem8.coe
ERROR:sim - Unable to find .matrix_m_arq\init_mem8.coe
ERROR:sim -    Coregen is looking for
ERROR:sim -   
   Z:\ProjetosSistemasDigitaisVHDL\projeto_MATRIX_multiplier\matrix_multiplier_1
ERROR:sim -    \.matrix_m_arq\init_mem8.coe
ERROR:sim - Unable to find .matrix_mu_arq\init_mem8.coe
ERROR:sim -    Coregen is looking for
ERROR:sim -   
   Z:\ProjetosSistemasDigitaisVHDL\projeto_MATRIX_multiplier\matrix_multiplier_1
ERROR:sim -    \.matrix_mu_arq\init_mem8.coe
ERROR:sim - Unable to find .matrix_mul_arq\init_mem8.coe
ERROR:sim -    Coregen is looking for
ERROR:sim -   
   Z:\ProjetosSistemasDigitaisVHDL\projeto_MATRIX_multiplier\matrix_multiplier_1
ERROR:sim -    \.matrix_mul_arq\init_mem8.coe
ERROR:sim - Unable to find .matrix_mult_arq\init_mem8.coe
ERROR:sim -    Coregen is looking for
ERROR:sim -   
   Z:\ProjetosSistemasDigitaisVHDL\projeto_MATRIX_multiplier\matrix_multiplier_1
ERROR:sim -    \.matrix_mult_arq\init_mem8.coe
ERROR:sim - Unable to find .matrix_multi_arq\init_mem8.coe
ERROR:sim -    Coregen is looking for
ERROR:sim -   
   Z:\ProjetosSistemasDigitaisVHDL\projeto_MATRIX_multiplier\matrix_multiplier_1
ERROR:sim -    \.matrix_multi_arq\init_mem8.coe
ERROR:sim - Unable to find .matrix_multip_arq\init_mem8.coe
ERROR:sim -    Coregen is looking for
ERROR:sim -   
   Z:\ProjetosSistemasDigitaisVHDL\projeto_MATRIX_multiplier\matrix_multiplier_1
ERROR:sim -    \.matrix_multip_arq\init_mem8.coe
ERROR:sim - Unable to find .matrix_multipl_arq\init_mem8.coe
ERROR:sim -    Coregen is looking for
ERROR:sim -   
   Z:\ProjetosSistemasDigitaisVHDL\projeto_MATRIX_multiplier\matrix_multiplier_1
ERROR:sim -    \.matrix_multipl_arq\init_mem8.coe
ERROR:sim - Unable to find .matrix_multipli_arq\init_mem8.coe
ERROR:sim -    Coregen is looking for
ERROR:sim -   
   Z:\ProjetosSistemasDigitaisVHDL\projeto_MATRIX_multiplier\matrix_multiplier_1
ERROR:sim -    \.matrix_multipli_arq\init_mem8.coe
ERROR:sim - Unable to find .matrix_multiplie_arq\init_mem8.coe
ERROR:sim -    Coregen is looking for
ERROR:sim -   
   Z:\ProjetosSistemasDigitaisVHDL\projeto_MATRIX_multiplier\matrix_multiplier_1
ERROR:sim -    \.matrix_multiplie_arq\init_mem8.coe
ERROR:sim - Unable to find .matrix_multiplier_arq\init_mem8.coe
ERROR:sim -    Coregen is looking for
ERROR:sim -   
   Z:\ProjetosSistemasDigitaisVHDL\projeto_MATRIX_multiplier\matrix_multiplier_1
ERROR:sim -    \.matrix_multiplier_arq\init_mem8.coe
ERROR:sim - Unable to find .matrix_multiplier__arq\init_mem8.coe
ERROR:sim -    Coregen is looking for
ERROR:sim -   
   Z:\ProjetosSistemasDigitaisVHDL\projeto_MATRIX_multiplier\matrix_multiplier_1
ERROR:sim -    \.matrix_multiplier__arq\init_mem8.coe
ERROR:sim - Unable to find .matrix_multiplier_1_arq\init_mem8.coe
ERROR:sim -    Coregen is looking for
ERROR:sim -   
   Z:\ProjetosSistemasDigitaisVHDL\projeto_MATRIX_multiplier\matrix_multiplier_1
ERROR:sim -    \.matrix_multiplier_1_arq\init_mem8.coe
ERROR:sim - Unable to find ._arq\init_mem8.coe
ERROR:sim -    Coregen is looking for
ERROR:sim -   
   Z:\ProjetosSistemasDigitaisVHDL\projeto_MATRIX_multiplier\matrix_multiplier_1
ERROR:sim -    \._arq\init_mem8.coe
ERROR:sim - The Memory Initialization vector can contain between 1 to Write
Resolving generics for 'mem8'...
Applying external generics to 'mem8'...
Delivering associated files for 'mem8'...
Delivering EJava files for 'mem8'...
Generating implementation netlist for 'mem8'...
INFO:sim - Pre-processing HDL files for 'mem8'...
Running synthesis for 'mem8'
Running ngcbuild...
Writing VHO instantiation template for 'mem8'...
Writing VHDL behavioral simulation model for 'mem8'...
WARNING:sim - Overwriting existing file
   Z:/ProjetosSistemasDigitaisVHDL/projeto_MATRIX_multiplier/matrix_multiplier_1
   /tmp/_cg/mem8/doc/blk_mem_gen_v7_3_vinfo.html with file from view
   xilinx_documentation
Delivered 1 file into directory
Z:/ProjetosSistemasDigitaisVHDL/projeto_MATRIX_multiplier/matrix_multiplier_1/tm
p/_cg/mem8
Generating ASY schematic symbol...
INFO:sim:949 - Finished generation of ASY schematic symbol.
Generating SYM schematic symbol for 'mem8'...
Generating metadata file...
Generating ISE project file for 'mem8'...
Generating ISE project...
XCO file found: mem8.xco
XMDF file found: mem8_xmdf.tcl
Adding
Z:/ProjetosSistemasDigitaisVHDL/projeto_MATRIX_multiplier/matrix_multiplier_1/tm
p/_cg/mem8.asy -view all -origin_type imported
Adding
Z:/ProjetosSistemasDigitaisVHDL/projeto_MATRIX_multiplier/matrix_multiplier_1/tm
p/_cg/mem8.ngc -view all -origin_type created
Checking file
"Z:/ProjetosSistemasDigitaisVHDL/projeto_MATRIX_multiplier/matrix_multiplier_1/t
mp/_cg/mem8.ngc" for project device match ...
File
"Z:/ProjetosSistemasDigitaisVHDL/projeto_MATRIX_multiplier/matrix_multiplier_1/t
mp/_cg/mem8.ngc" device information matches project device.
Adding
Z:/ProjetosSistemasDigitaisVHDL/projeto_MATRIX_multiplier/matrix_multiplier_1/tm
p/_cg/mem8.sym -view all -origin_type imported
Adding
Z:/ProjetosSistemasDigitaisVHDL/projeto_MATRIX_multiplier/matrix_multiplier_1/tm
p/_cg/mem8.vhd -view all -origin_type created
INFO:HDLCompiler:1061 - Parsing VHDL file
   "Z:/ProjetosSistemasDigitaisVHDL/projeto_MATRIX_multiplier/matrix_multiplier_
   1/tmp/_cg/mem8.vhd" into library work
INFO:ProjectMgmt - Parsing design hierarchy completed successfully.
Adding
Z:/ProjetosSistemasDigitaisVHDL/projeto_MATRIX_multiplier/matrix_multiplier_1/tm
p/_cg/mem8.vho -view all -origin_type imported
INFO:TclTasksC:2116 - The automatic calculation of top has been turned-off.
   Please set the new top explicitly by running the "project set top" command.
   To re-calculate the new top automatically, set the "Auto Implementation Top"
   property to true.
Top level has been set to "/mem8"
Generating README file...
Generating FLIST file...
INFO:sim:948 - Finished FLIST file generation.
Launching README viewer...
Moving files to output directory...
Finished moving files to output directory
Wrote CGP file for project 'mem8'.
